nohup: ignoring input
[I 2024-09-29 09:22:09.670 ServerApp] jupyter_lsp | extension was successfully linked.
[I 2024-09-29 09:22:09.687 ServerApp] jupyter_server_terminals | extension was successfully linked.
[I 2024-09-29 09:22:09.704 ServerApp] jupyterlab | extension was successfully linked.
[I 2024-09-29 09:22:09.708 ServerApp] Writing Jupyter server cookie secret to /home/ec2-user/.local/share/jupyter/runtime/jupyter_cookie_secret
[I 2024-09-29 09:22:10.418 ServerApp] notebook_shim | extension was successfully linked.
[I 2024-09-29 09:22:10.470 ServerApp] notebook_shim | extension was successfully loaded.
[I 2024-09-29 09:22:10.476 ServerApp] jupyter_lsp | extension was successfully loaded.
[I 2024-09-29 09:22:10.478 ServerApp] jupyter_server_terminals | extension was successfully loaded.
[I 2024-09-29 09:22:10.482 LabApp] JupyterLab extension loaded from /home/ec2-user/environment/jupyterlab-venv/lib64/python3.9/site-packages/jupyterlab
[I 2024-09-29 09:22:10.482 LabApp] JupyterLab application directory is /home/ec2-user/environment/jupyterlab-venv/share/jupyter/lab
[I 2024-09-29 09:22:10.483 LabApp] Extension Manager is 'pypi'.
[I 2024-09-29 09:22:10.495 ServerApp] jupyterlab | extension was successfully loaded.
[I 2024-09-29 09:22:10.496 ServerApp] Serving notebooks from local directory: /home/ec2-user/environment
[I 2024-09-29 09:22:10.496 ServerApp] Jupyter Server 2.14.2 is running at:
[I 2024-09-29 09:22:10.496 ServerApp] http://ip-10-0-2-141.ec2.internal:8888/lab?token=9729a73893f7bd9b6cde295a9a131d8bc4718f7b9772af79
[I 2024-09-29 09:22:10.496 ServerApp]     http://127.0.0.1:8888/lab?token=9729a73893f7bd9b6cde295a9a131d8bc4718f7b9772af79
[I 2024-09-29 09:22:10.496 ServerApp] Use Control-C to stop this server and shut down all kernels (twice to skip confirmation).
[W 2024-09-29 09:22:10.506 ServerApp] No web browser found: Error('could not locate runnable browser').
[C 2024-09-29 09:22:10.506 ServerApp] 
    
    To access the server, open this file in a browser:
        file:///home/ec2-user/.local/share/jupyter/runtime/jpserver-2461-open.html
    Or copy and paste one of these URLs:
        http://ip-10-0-2-141.ec2.internal:8888/lab?token=9729a73893f7bd9b6cde295a9a131d8bc4718f7b9772af79
        http://127.0.0.1:8888/lab?token=9729a73893f7bd9b6cde295a9a131d8bc4718f7b9772af79
[I 2024-09-29 09:22:11.170 ServerApp] Skipped non-installed server(s): bash-language-server, dockerfile-language-server-nodejs, javascript-typescript-langserver, jedi-language-server, julia-language-server, pyright, python-language-server, python-lsp-server, r-languageserver, sql-language-server, texlab, typescript-language-server, unified-language-server, vscode-css-languageserver-bin, vscode-html-languageserver-bin, vscode-json-languageserver-bin, yaml-language-server
Jupyter is running at: http://ec2-34-204-99-184.compute-1.amazonaws.com:8888/lab?token=9729a73893f7bd9b6cde295a9a131d8bc4718f7b9772af79
